#
# A fatal error has been detected by the Java Runtime Environment:
#
#  EXCEPTION_ACCESS_VIOLATION (0xc0000005) at pc=0x69ae7dfd, pid=5956, tid=5136
#
# JRE version: Java(TM) SE Runtime Environment (8.0-b71) (build 1.8.0-ea-b71)
# Java VM: Java HotSpot(TM) Client VM (25.0-b14 mixed mode windows-x86 )
# Problematic frame:
# V  [jvm.dll+0xa7dfd]
#
# Failed to write core dump. Minidumps are not enabled by default on client versions of Windows
#
# If you would like to submit a bug report, please visit:
#   http://bugreport.sun.com/bugreport/crash.jsp
#

---------------  T H R E A D  ---------------

Current thread (0x14888400):  JavaThread "JDWP Transport Listener: dt_socket" daemon [_thread_in_vm, id=5136, stack(0x14bd0000,0x14c20000)]

siginfo: ExceptionCode=0xc0000005, reading address 0x65686361

Registers:
EAX=0x65686361, EBX=0x00000000, ECX=0x65686361, EDX=0x00000000
ESP=0x14c1f5e8, EBP=0x14c1f5ec, ESI=0x010e8e30, EDI=0x14c1f6cc
EIP=0x69ae7dfd, EFLAGS=0x00010202

Top of Stack: (sp=0x14c1f5e8)
0x14c1f5e8:   010e8e30 14c1f614 69c2d62a 65686361
0x14c1f5f8:   14c1f64f 14888400 00000000 00000000
0x14c1f608:   00000000 14888400 14888400 14c1f650
0x14c1f618:   658a9fd2 010e8e30 65686361 14c1f64f
0x14c1f628:   65686361 6589436d 65686361 14c1f64f
0x14c1f638:   00000005 00000000 00000000 00000009
0x14c1f648:   00000000 009fc720 14c1f670 658944e0
0x14c1f658:   00000001 14c1f68c 14c1f6c8 14f08460 

Instructions: (pc=0x69ae7dfd)
0x69ae7ddd:   5d c3 52 e8 bb f8 ff ff 5d c3 cc cc cc cc cc cc
0x69ae7ded:   cc cc cc 55 8b ec 8b 45 08 85 c0 75 02 5d c3 56
0x69ae7dfd:   8b 30 85 f6 74 17 83 fe 37 74 12 8b 06 8b 50 04
0x69ae7e0d:   8b ce ff d2 84 c0 74 05 8b c6 5e 5d c3 33 c0 5e 


Register to memory mapping:

EAX=0x65686361 is an unknown value
EBX=0x00000000 is an unknown value
ECX=0x65686361 is an unknown value
EDX=0x00000000 is an unknown value
ESP=0x14c1f5e8 is pointing into the stack for thread: 0x14888400
EBP=0x14c1f5ec is pointing into the stack for thread: 0x14888400
ESI=0x010e8e30 is an unknown value
EDI=0x14c1f6cc is pointing into the stack for thread: 0x14888400


Stack: [0x14bd0000,0x14c20000],  sp=0x14c1f5e8,  free space=317k
Native frames: (J=compiled Java code, j=interpreted, Vv=VM code, C=native code)
V  [jvm.dll+0xa7dfd]
V  [jvm.dll+0x1ed62a]
C  [jdwp.dll+0x19fd2]  Agent_OnLoad+0xec6c
C  [jdwp.dll+0x44e0]
C  [jdwp.dll+0x451e]


---------------  P R O C E S S  ---------------

Java Threads: ( => current thread )
  0x14f02800 JavaThread "MappedByteBufferSource Async Flush Thread" daemon [_thread_blocked, id=4296, stack(0x1f110000,0x1f160000)]
  0x14edb000 JavaThread "Ehcache Disk Write Thread [identifier] - 0" [_thread_in_native, id=6088, stack(0x1f180000,0x1f1d0000)]
  0x148a7800 JavaThread "Service Thread" daemon [_thread_blocked, id=2360, stack(0x01080000,0x010d0000)]
  0x1489c000 JavaThread "C1 CompilerThread0" daemon [_thread_blocked, id=5280, stack(0x14650000,0x146a0000)]
  0x1488d400 JavaThread "JDWP Command Reader" daemon [_thread_in_native, id=4508, stack(0x14c40000,0x14c90000)]
  0x1488ac00 JavaThread "JDWP Event Helper Thread" daemon [_thread_blocked, id=5596, stack(0x14d70000,0x14dc0000)]
=>0x14888400 JavaThread "JDWP Transport Listener: dt_socket" daemon [_thread_in_vm, id=5136, stack(0x14bd0000,0x14c20000)]
  0x1487b400 JavaThread "Attach Listener" daemon [_thread_blocked, id=1112, stack(0x011b0000,0x01200000)]
  0x14878000 JavaThread "Signal Dispatcher" daemon [_thread_blocked, id=5036, stack(0x146a0000,0x146f0000)]
  0x007fac00 JavaThread "Finalizer" daemon [_thread_blocked, id=4376, stack(0x00690000,0x006e0000)]
  0x007f5c00 JavaThread "Reference Handler" daemon [_thread_blocked, id=2504, stack(0x01030000,0x01080000)]
  0x010ee400 JavaThread "main" [_thread_blocked, id=5180, stack(0x006e0000,0x00730000)]

Other Threads:
  0x007f1000 VMThread [stack: 0x00fe0000,0x01030000] [id=5528]
  0x148b1000 WatcherThread [stack: 0x01120000,0x01170000] [id=5120]

VM state:not at safepoint (normal execution)

VM Mutex/Monitor currently owned by a thread: None

Heap
 def new generation   total 78656K, used 3942K [0x04640000, 0x09b90000, 0x09b90000)
  eden space 69952K,   5% used [0x04640000, 0x04a16b80, 0x08a90000)
  from space 8704K,   0% used [0x08a90000, 0x08a92e98, 0x09310000)
  to   space 8704K,   0% used [0x09310000, 0x09310000, 0x09b90000)
 tenured generation   total 174784K, used 151537K [0x09b90000, 0x14640000, 0x14640000)
   the space 174784K,  86% used [0x09b90000, 0x12f8c540, 0x12f8c600, 0x14640000)
 Metaspace total 4766K, used 4142K, reserved 8192K
  data space     4212K, used 3639K, reserved 6144K
  class space    554K, used 502K, reserved 2048K

Card table byte_map: [0x005c0000,0x00650000] byte_map_base: 0x0059ce00

Polling page: 0x00280000

Code Cache  [0x02440000, 0x025b0000, 0x04440000)
 total_blobs=896 nmethods=745 adapters=94 free_code_cache=31315Kb largest_free_block=32066560

Compilation events (10 events):
Event: 56.668 Thread 0x1489c000  745             java.nio.DirectIntBufferS::get (19 bytes)
Event: 56.669 Thread 0x1489c000 nmethod 745 0x025a9ac8 code [0x025a9bc0, 0x025a9c80]
Event: 56.670 Thread 0x1489c000  746             org.terracotta.offheapstore.storage.allocator.IntegerBestFitAllocator::clear (87 bytes)
Event: 56.671 Thread 0x1489c000 nmethod 746 0x025a9d48 code [0x025a9e50, 0x025a9fa0]
Event: 56.734 Thread 0x1489c000  747             java.nio.DirectByteBuffer::put (17 bytes)
Event: 56.735 Thread 0x1489c000 nmethod 747 0x025aa148 code [0x025aa260, 0x025aa35c]
Event: 56.773 Thread 0x1489c000  748             java.nio.DirectByteBuffer::put (269 bytes)
Event: 56.774 Thread 0x1489c000 nmethod 748 0x025aa488 code [0x025aa610, 0x025aa9f0]
Event: 56.775 Thread 0x1489c000  749             java.nio.DirectByteBuffer::put (123 bytes)
Event: 56.775 Thread 0x1489c000 nmethod 749 0x025aad88 code [0x025aaee0, 0x025ab15c]

GC Heap History (10 events):
Event: 49.790 GC heap before
{Heap before GC invocations=321 (full 11):
 def new generation   total 78656K, used 76454K [0x04640000, 0x09b90000, 0x09b90000)
  eden space 69952K, 100% used [0x04640000, 0x08a90000, 0x08a90000)
  from space 8704K,  74% used [0x08a90000, 0x090e9ac8, 0x09310000)
  to   space 8704K,   0% used [0x09310000, 0x09310000, 0x09b90000)
 tenured generation   total 174784K, used 164158K [0x09b90000, 0x14640000, 0x14640000)
   the space 174784K,  93% used [0x09b90000, 0x13bdfb28, 0x13bdfc00, 0x14640000)
 Metaspace total 4688K, used 4053K, reserved 8192K
  data space     4148K, used 3564K, reserved 6144K
  class space    540K, used 488K, reserved 2048K
Event: 49.828 GC heap after
Heap after GC invocations=322 (full 11):
 def new generation   total 78656K, used 6497K [0x04640000, 0x09b90000, 0x09b90000)
  eden space 69952K,   0% used [0x04640000, 0x04640000, 0x08a90000)
  from space 8704K,  74% used [0x09310000, 0x099687c0, 0x09b90000)
  to   space 8704K,   0% used [0x08a90000, 0x08a90000, 0x09310000)
 tenured generation   total 174784K, used 167415K [0x09b90000, 0x14640000, 0x14640000)
   the space 174784K,  95% used [0x09b90000, 0x13f0df98, 0x13f0e000, 0x14640000)
 Metaspace total 4688K, used 4053K, reserved 8192K
  data space     4148K, used 3564K, reserved 6144K
  class space    540K, used 488K, reserved 2048K
}
Event: 50.116 GC heap before
{Heap before GC invocations=322 (full 11):
 def new generation   total 78656K, used 76449K [0x04640000, 0x09b90000, 0x09b90000)
  eden space 69952K, 100% used [0x04640000, 0x08a90000, 0x08a90000)
  from space 8704K,  74% used [0x09310000, 0x099687c0, 0x09b90000)
  to   space 8704K,   0% used [0x08a90000, 0x08a90000, 0x09310000)
 tenured generation   total 174784K, used 167415K [0x09b90000, 0x14640000, 0x14640000)
   the space 174784K,  95% used [0x09b90000, 0x13f0df98, 0x13f0e000, 0x14640000)
 Metaspace total 4688K, used 4053K, reserved 8192K
  data space     4148K, used 3564K, reserved 6144K
  class space    540K, used 488K, reserved 2048K
Event: 50.155 GC heap after
Heap after GC invocations=323 (full 11):
 def new generation   total 78656K, used 6501K [0x04640000, 0x09b90000, 0x09b90000)
  eden space 69952K,   0% used [0x04640000, 0x04640000, 0x08a90000)
  from space 8704K,  74% used [0x08a90000, 0x090e95a8, 0x09310000)
  to   space 8704K,   0% used [0x09310000, 0x09310000, 0x09b90000)
 tenured generation   total 174784K, used 170658K [0x09b90000, 0x14640000, 0x14640000)
   the space 174784K,  97% used [0x09b90000, 0x14238878, 0x14238a00, 0x14640000)
 Metaspace total 4688K, used 4053K, reserved 8192K
  data space     4148K, used 3564K, reserved 6144K
  class space    540K, used 488K, reserved 2048K
}
Event: 54.479 GC heap before
{Heap before GC invocations=323 (full 11):
 def new generation   total 78656K, used 76453K [0x04640000, 0x09b90000, 0x09b90000)
  eden space 69952K, 100% used [0x04640000, 0x08a90000, 0x08a90000)
  from space 8704K,  74% used [0x08a90000, 0x090e95a8, 0x09310000)
  to   space 8704K,   0% used [0x09310000, 0x09310000, 0x09b90000)
 tenured generation   total 174784K, used 170658K [0x09b90000, 0x14640000, 0x14640000)
   the space 174784K,  97% used [0x09b90000, 0x14238878, 0x14238a00, 0x14640000)
 Metaspace total 4722K, used 4070K, reserved 8192K
  data space     4180K, used 3578K, reserved 6144K
  class space    542K, used 491K, reserved 2048K
Event: 55.136 GC heap after
Heap after GC invocations=324 (full 12):
 def new generation   total 78656K, used 0K [0x04640000, 0x09b90000, 0x09b90000)
  eden space 69952K,   0% used [0x04640000, 0x04640000, 0x08a90000)
  from space 8704K,   0% used [0x08a90000, 0x08a90000, 0x09310000)
  to   space 8704K,   0% used [0x09310000, 0x09310000, 0x09b90000)
 tenured generation   total 174784K, used 151537K [0x09b90000, 0x14640000, 0x14640000)
   the space 174784K,  86% used [0x09b90000, 0x12f8c540, 0x12f8c600, 0x14640000)
 Metaspace total 4722K, used 4070K, reserved 8192K
  data space     4180K, used 3578K, reserved 6144K
  class space    542K, used 491K, reserved 2048K
}
Event: 102.575 GC heap before
{Heap before GC invocations=324 (full 12):
 def new generation   total 78656K, used 69952K [0x04640000, 0x09b90000, 0x09b90000)
  eden space 69952K, 100% used [0x04640000, 0x08a90000, 0x08a90000)
  from space 8704K,   0% used [0x08a90000, 0x08a90000, 0x09310000)
  to   space 8704K,   0% used [0x09310000, 0x09310000, 0x09b90000)
 tenured generation   total 174784K, used 151537K [0x09b90000, 0x14640000, 0x14640000)
   the space 174784K,  86% used [0x09b90000, 0x12f8c540, 0x12f8c600, 0x14640000)
 Metaspace total 4766K, used 4120K, reserved 8192K
  data space     4212K, used 3618K, reserved 6144K
  class space    554K, used 501K, reserved 2048K
Event: 102.597 GC heap after
Heap after GC invocations=325 (full 12):
 def new generation   total 78656K, used 67K [0x04640000, 0x09b90000, 0x09b90000)
  eden space 69952K,   0% used [0x04640000, 0x04640000, 0x08a90000)
  from space 8704K,   0% used [0x09310000, 0x09320f88, 0x09b90000)
  to   space 8704K,   0% used [0x08a90000, 0x08a90000, 0x09310000)
 tenured generation   total 174784K, used 151537K [0x09b90000, 0x14640000, 0x14640000)
   the space 174784K,  86% used [0x09b90000, 0x12f8c540, 0x12f8c600, 0x14640000)
 Metaspace total 4766K, used 4120K, reserved 8192K
  data space     4212K, used 3618K, reserved 6144K
  class space    554K, used 501K, reserved 2048K
}
Event: 149.651 GC heap before
{Heap before GC invocations=325 (full 12):
 def new generation   total 78656K, used 70019K [0x04640000, 0x09b90000, 0x09b90000)
  eden space 69952K, 100% used [0x04640000, 0x08a90000, 0x08a90000)
  from space 8704K,   0% used [0x09310000, 0x09320f88, 0x09b90000)
  to   space 8704K,   0% used [0x08a90000, 0x08a90000, 0x09310000)
 tenured generation   total 174784K, used 151537K [0x09b90000, 0x14640000, 0x14640000)
   the space 174784K,  86% used [0x09b90000, 0x12f8c540, 0x12f8c600, 0x14640000)
 Metaspace total 4766K, used 4134K, reserved 8192K
  data space     4212K, used 3632K, reserved 6144K
  class space    554K, used 502K, reserved 2048K
Event: 149.662 GC heap after
Heap after GC invocations=326 (full 12):
 def new generation   total 78656K, used 11K [0x04640000, 0x09b90000, 0x09b90000)
  eden space 69952K,   0% used [0x04640000, 0x04640000, 0x08a90000)
  from space 8704K,   0% used [0x08a90000, 0x08a92e98, 0x09310000)
  to   space 8704K,   0% used [0x09310000, 0x09310000, 0x09b90000)
 tenured generation   total 174784K, used 151537K [0x09b90000, 0x14640000, 0x14640000)
   the space 174784K,  86% used [0x09b90000, 0x12f8c540, 0x12f8c600, 0x14640000)
 Metaspace total 4766K, used 4134K, reserved 8192K
  data space     4212K, used 3632K, reserved 6144K
  class space    554K, used 502K, reserved 2048K
}

Deoptimization events (0 events):
No events

Internal exceptions (10 events):
Event: 56.652 Thread 0x010ee400 Threw 0x04885bb8 at C:\jdk8_32P\jdk8\hotspot\src\share\vm\prims\jvm.cpp:1168
Event: 56.653 Thread 0x010ee400 Threw 0x0488f2a0 at C:\jdk8_32P\jdk8\hotspot\src\share\vm\prims\jvm.cpp:1168
Event: 56.654 Thread 0x010ee400 Threw 0x048992d8 at C:\jdk8_32P\jdk8\hotspot\src\share\vm\prims\jvm.cpp:1168
Event: 56.654 Thread 0x010ee400 Threw 0x048a1430 at C:\jdk8_32P\jdk8\hotspot\src\share\vm\prims\jvm.cpp:1168
Event: 56.663 Thread 0x010ee400 Threw 0x048b2450 at C:\jdk8_32P\jdk8\hotspot\src\share\vm\prims\jvm.cpp:1168
Event: 56.664 Thread 0x010ee400 Threw 0x048bbb90 at C:\jdk8_32P\jdk8\hotspot\src\share\vm\prims\jvm.cpp:1168
Event: 56.665 Thread 0x010ee400 Threw 0x048c47c0 at C:\jdk8_32P\jdk8\hotspot\src\share\vm\prims\jvm.cpp:1168
Event: 56.668 Thread 0x010ee400 Threw 0x048d82f0 at C:\jdk8_32P\jdk8\hotspot\src\share\vm\prims\jvm.cpp:1168
Event: 56.669 Thread 0x010ee400 Threw 0x048df8f0 at C:\jdk8_32P\jdk8\hotspot\src\share\vm\prims\jvm.cpp:1168
Event: 56.815 Thread 0x010ee400 Threw 0x048eadd8 at C:\jdk8_32P\jdk8\hotspot\src\share\vm\prims\jvm.cpp:1168

Events (10 events):
Event: 136.204 Executing VM operation: ChangeBreakpoints
Event: 136.204 Executing VM operation: ChangeBreakpoints done
Event: 140.162 Executing VM operation: RedefineClasses
Event: 140.166 Executing VM operation: RedefineClasses done
Event: 140.190 Executing VM operation: ChangeBreakpoints
Event: 140.190 Executing VM operation: ChangeBreakpoints done
Event: 149.651 Executing VM operation: GenCollectForAllocation
Event: 149.662 Executing VM operation: GenCollectForAllocation done
Event: 151.892 Executing VM operation: RedefineClasses
Event: 151.895 Executing VM operation: RedefineClasses done


Dynamic libraries:
0x01210000 - 0x01240000 	C:\Program Files\Java\jre8\bin\javaw.exe
0x773e0000 - 0x7751c000 	C:\Windows\SYSTEM32\ntdll.dll
0x75e80000 - 0x75f54000 	C:\Windows\system32\kernel32.dll
0x757b0000 - 0x757fa000 	C:\Windows\system32\KERNELBASE.dll
0x77020000 - 0x770c0000 	C:\Windows\system32\ADVAPI32.dll
0x770c0000 - 0x7716c000 	C:\Windows\system32\msvcrt.dll
0x76c90000 - 0x76ca9000 	C:\Windows\SYSTEM32\sechost.dll
0x75840000 - 0x758e1000 	C:\Windows\system32\RPCRT4.dll
0x771d0000 - 0x77299000 	C:\Windows\system32\USER32.dll
0x75ca0000 - 0x75cee000 	C:\Windows\system32\GDI32.dll
0x76c80000 - 0x76c8a000 	C:\Windows\system32\LPK.dll
0x77570000 - 0x7760d000 	C:\Windows\system32\USP10.dll
0x74220000 - 0x743be000 	C:\Windows\WinSxS\x86_microsoft.windows.common-controls_6595b64144ccf1df_6.0.7600.16385_none_421189da2b7fabfc\COMCTL32.dll
0x77170000 - 0x771c7000 	C:\Windows\system32\SHLWAPI.dll
0x75460000 - 0x754ab000 	C:\Windows\system32\apphelp.dll
0x6baa0000 - 0x6bb2c000 	C:\Windows\AppPatch\AcLayers.DLL
0x75440000 - 0x7545a000 	C:\Windows\system32\SspiCli.dll
0x76030000 - 0x76c79000 	C:\Windows\system32\SHELL32.dll
0x75b20000 - 0x75c7c000 	C:\Windows\system32\ole32.dll
0x76da0000 - 0x76e2f000 	C:\Windows\system32\OLEAUT32.dll
0x74b90000 - 0x74ba7000 	C:\Windows\system32\USERENV.dll
0x75530000 - 0x7553b000 	C:\Windows\system32\profapi.dll
0x72400000 - 0x72451000 	C:\Windows\system32\WINSPOOL.DRV
0x72c80000 - 0x72c92000 	C:\Windows\system32\MPR.dll
0x75c80000 - 0x75c9f000 	C:\Windows\system32\IMM32.DLL
0x75f60000 - 0x7602c000 	C:\Windows\system32\MSCTF.dll
0x65260000 - 0x6531e000 	C:\Program Files\Java\jre8\bin\msvcr100.dll
0x69a40000 - 0x69d91000 	C:\Program Files\Java\jre8\bin\client\jvm.dll
0x6ef80000 - 0x6ef87000 	C:\Windows\system32\WSOCK32.dll
0x77520000 - 0x77555000 	C:\Windows\system32\WS2_32.dll
0x75830000 - 0x75836000 	C:\Windows\system32\NSI.dll
0x72750000 - 0x72782000 	C:\Windows\system32\WINMM.dll
0x77560000 - 0x77565000 	C:\Windows\system32\PSAPI.DLL
0x6a210000 - 0x6a21c000 	C:\Program Files\Java\jre8\bin\verify.dll
0x6a0d0000 - 0x6a0f1000 	C:\Program Files\Java\jre8\bin\java.dll
0x65890000 - 0x658b9000 	C:\Program Files\Java\jre8\bin\jdwp.dll
0x6c700000 - 0x6c707000 	C:\Program Files\Java\jre8\bin\npt.dll
0x6a0b0000 - 0x6a0c3000 	C:\Program Files\Java\jre8\bin\zip.dll
0x746f0000 - 0x746f8000 	C:\Program Files\Java\jre8\bin\dt_socket.dll
0x74810000 - 0x74820000 	C:\Windows\system32\NLAapi.dll
0x74fa0000 - 0x74fdc000 	C:\Windows\System32\mswsock.dll
0x74e60000 - 0x74ea4000 	C:\Windows\system32\DNSAPI.dll
0x6e8d0000 - 0x6e8d8000 	C:\Windows\System32\winrnr.dll
0x6e780000 - 0x6e790000 	C:\Windows\system32\napinsp.dll
0x6e730000 - 0x6e742000 	C:\Windows\system32\pnrpnsp.dll
0x741a0000 - 0x741bc000 	C:\Windows\system32\IPHLPAPI.DLL
0x74190000 - 0x74197000 	C:\Windows\system32\WINNSI.DLL
0x74030000 - 0x74068000 	C:\Windows\System32\fwpuclnt.dll
0x6ef90000 - 0x6ef96000 	C:\Windows\system32\rasadhlp.dll
0x74ab0000 - 0x74ab5000 	C:\Windows\System32\wshtcpip.dll
0x6a090000 - 0x6a0a5000 	C:\Program Files\Java\jre8\bin\net.dll
0x74f90000 - 0x74f96000 	C:\Windows\System32\wship6.dll
0x6a220000 - 0x6a22f000 	C:\Program Files\Java\jre8\bin\nio.dll
0x6c030000 - 0x6c03a000 	C:\Program Files\Java\jre8\bin\management.dll
0x72fe0000 - 0x730cb000 	C:\Windows\system32\dbghelp.dll

VM Arguments:
jvm_args: -agentlib:jdwp=transport=dt_socket,suspend=y,address=localhost:51252 -Dfile.encoding=UTF-8 
java_command: cache.EhCache
java_class_path (initial): C:\Users\tangli\git\MyPro\target\classes;C:\Users\tangli\git\MyPro\lib\AbsoluteLayout.jar;C:\Users\tangli\git\MyPro\lib\looks-2.1.4.jar;C:\Users\tangli\git\MyPro\lib\swing-layout-1.0.3.jar;C:\Users\tangli\.m2\repository\log4j\log4j\1.2.17\log4j-1.2.17.jar;C:\Users\tangli\.m2\repository\junit\junit\4.12\junit-4.12.jar;C:\Users\tangli\.m2\repository\org\hamcrest\hamcrest-core\1.3\hamcrest-core-1.3.jar;C:\Users\tangli\.m2\repository\org\jdom\jdom\2.0.2\jdom-2.0.2.jar;C:\Users\tangli\.m2\repository\com\thoughtworks\xstream\xstream\1.4.8\xstream-1.4.8.jar;C:\Users\tangli\.m2\repository\xmlpull\xmlpull\1.1.3.1\xmlpull-1.1.3.1.jar;C:\Users\tangli\.m2\repository\xpp3\xpp3_min\1.1.4c\xpp3_min-1.1.4c.jar;C:\Users\tangli\.m2\repository\org\easymock\easymock\3.3.1\easymock-3.3.1.jar;C:\Users\tangli\.m2\repository\cglib\cglib\3.1\cglib-3.1.jar;C:\Users\tangli\.m2\repository\org\ow2\asm\asm\5.0.3\asm-5.0.3.jar;C:\Users\tangli\.m2\repository\org\objenesis\objenesis\2.1\objenesis-2.1.jar;C:\Users\tangli\.m2\repository\net\sourceforge\jtds\jtds\1.2.8\jtds-1.2.8.jar;C:\Users\tangli\.m2\repository\mysql\mysql-connector-java\5.1.27\mysql-connector-java-5.1.27.jar;C:\Users\tangli\.m2\repository\org\hibernate\hibernate-entitymanager\4.3.8.Final\hibernate-entitymanager-4.3.8.Final.jar;C:\Users\tangli\.m2\repository\org\jboss\logging\jboss-logging\3.1.3.GA\jboss-logging-3.1.3.GA.jar;C:\Users\tangli\.m2\repository\org\jboss\logging\jboss-logging-annotations\1.2.0.Beta1\jboss-logging-annotations-1.2.0.Beta1.jar;C:\Users\tangli\.m2\repository\org\hibernate\hibernate-core\4.3.8.Final\hibernate-core-4.3.8.Final.jar;C:\Users\tangli\.m2\repository\antlr\antlr\2.7.7\antlr-2.7.7.jar;C:\Users\tangli\.m2\repository\org\jboss\jandex\1.1.0.Final\jandex-1.1.0.Final.jar;C:\Users\tangli\.m2\repository\dom4j\dom4j\1.6.1\dom4j-1.6.1.jar;C:\Users\tangli\.m2\repository\xml-apis\xml-apis\1.0.b2\xml-apis-1.0.b2.jar;C:\Users\tangli\.m2\repository\org\hibernate\common\hibernate-common
Launcher Type: SUN_STANDARD

Environment Variables:
JAVA_HOME=C:\Program Files\Java\jdk1.8.0
PATH=C:/Program Files/Java/jre8/bin/client;C:/Program Files/Java/jre8/bin;C:/Program Files/Java/jre8/lib/i386;C:\Windows\system32;C:\Windows;C:\Windows\System32\Wbem;C:\Windows\System32\WindowsPowerShell\v1.0\;C:\green\apache-maven-3.3.3\bin;C:\green\eclipse-jee-luna-SR2-win32\eclipse;
USERNAME=tangli
OS=Windows_NT
PROCESSOR_IDENTIFIER=x86 Family 6 Model 37 Stepping 5, GenuineIntel



---------------  S Y S T E M  ---------------

OS: Windows 7 Build 7600 

CPU:total 4 (2 cores per cpu, 2 threads per core) family 6 model 37 stepping 5, cmov, cx8, fxsr, mmx, sse, sse2, sse3, ssse3, sse4.1, sse4.2, popcnt, ht, tsc, tscinvbit

Memory: 4k page, physical 2022248k(155012k free), swap 4044496k(1028760k free)

vm_info: Java HotSpot(TM) Client VM (25.0-b14) for windows-x86 JRE (1.8.0-ea-b71), built on Jan  3 2013 03:56:41 by "java_re" with unknown MS VC++:1600

time: Sun Sep 20 18:42:34 2015
elapsed time: 151 seconds

